\BOOKMARK [1][-]{section.1}{\376\377\000E\000x\000e\000c\000u\000t\000i\000v\000e\000\040\000S\000u\000m\000m\000a\000r\000y}{}% 1
\BOOKMARK [1][-]{section.2}{\376\377\000P\000r\000o\000j\000e\000c\000t\000\040\000I\000d\000e\000n\000t\000i\000t\000y}{}% 2
\BOOKMARK [2][-]{subsection.2.1}{\376\377\000P\000r\000o\000j\000e\000c\000t\000\040\000N\000a\000m\000e}{section.2}% 3
\BOOKMARK [2][-]{subsection.2.2}{\376\377\000S\000u\000b\000t\000i\000t\000l\000e}{section.2}% 4
\BOOKMARK [2][-]{subsection.2.3}{\376\377\000O\000n\000e\000-\000L\000i\000n\000e\000r}{section.2}% 5
\BOOKMARK [2][-]{subsection.2.4}{\376\377\000R\000e\000c\000r\000u\000i\000t\000e\000r\000-\000F\000r\000i\000e\000n\000d\000l\000y\000\040\000D\000e\000s\000c\000r\000i\000p\000t\000i\000o\000n}{section.2}% 6
\BOOKMARK [2][-]{subsection.2.5}{\376\377\000T\000e\000c\000h\000n\000i\000c\000a\000l\000\040\000D\000e\000s\000c\000r\000i\000p\000t\000i\000o\000n}{section.2}% 7
\BOOKMARK [1][-]{section.3}{\376\377\000M\000o\000t\000i\000v\000a\000t\000i\000o\000n}{}% 8
\BOOKMARK [1][-]{section.4}{\376\377\000R\000e\000a\000l\000-\000W\000o\000r\000l\000d\000\040\000E\000x\000a\000m\000p\000l\000e\000s}{}% 9
\BOOKMARK [2][-]{subsection.4.1}{\376\377\000E\000x\000a\000m\000p\000l\000e\000\040\0001\000:\000\040\000R\000i\000d\000e\000-\000H\000a\000i\000l\000i\000n\000g\000\040\000D\000e\000m\000a\000n\000d\000\040\000F\000o\000r\000e\000c\000a\000s\000t\000i\000n\000g}{section.4}% 10
\BOOKMARK [2][-]{subsection.4.2}{\376\377\000E\000x\000a\000m\000p\000l\000e\000\040\0002\000:\000\040\000P\000u\000b\000l\000i\000c\000\040\000T\000r\000a\000n\000s\000i\000t\000\040\000D\000i\000s\000r\000u\000p\000t\000i\000o\000n}{section.4}% 11
\BOOKMARK [2][-]{subsection.4.3}{\376\377\000E\000x\000a\000m\000p\000l\000e\000\040\0003\000:\000\040\000L\000o\000n\000g\000-\000T\000e\000r\000m\000\040\000R\000e\000m\000o\000t\000e\000\040\000W\000o\000r\000k\000\040\000S\000h\000i\000f\000t}{section.4}% 12
\BOOKMARK [2][-]{subsection.4.4}{\376\377\000E\000x\000a\000m\000p\000l\000e\000\040\0004\000:\000\040\000M\000o\000d\000e\000l\000\040\000R\000e\000l\000i\000a\000b\000i\000l\000i\000t\000y\000\040\000R\000i\000s\000k}{section.4}% 13
\BOOKMARK [1][-]{section.5}{\376\377\000C\000o\000r\000e\000\040\000P\000r\000o\000b\000l\000e\000m\000\040\000a\000n\000d\000\040\000R\000e\000s\000e\000a\000r\000c\000h\000\040\000Q\000u\000e\000s\000t\000i\000o\000n}{}% 14
\BOOKMARK [2][-]{subsection.5.1}{\376\377\000M\000a\000i\000n\000\040\000P\000r\000o\000b\000l\000e\000m}{section.5}% 15
\BOOKMARK [2][-]{subsection.5.2}{\376\377\000M\000a\000i\000n\000\040\000Q\000u\000e\000s\000t\000i\000o\000n}{section.5}% 16
\BOOKMARK [2][-]{subsection.5.3}{\376\377\000S\000u\000b\000q\000u\000e\000s\000t\000i\000o\000n\000s}{section.5}% 17
\BOOKMARK [1][-]{section.6}{\376\377\000B\000r\000i\000e\000f\000\040\000A\000n\000s\000w\000e\000r\000\040\000a\000n\000d\000\040\000P\000l\000a\000t\000f\000o\000r\000m\000\040\000C\000o\000n\000c\000e\000p\000t}{}% 18
\BOOKMARK [1][-]{section.7}{\376\377\000D\000o\000m\000a\000i\000n\000\040\000C\000h\000o\000i\000c\000e\000:\000\040\000U\000r\000b\000a\000n\000\040\000M\000o\000b\000i\000l\000i\000t\000y\000\040\000D\000e\000m\000a\000n\000d}{}% 19
\BOOKMARK [2][-]{subsection.7.1}{\376\377\000W\000h\000y\000\040\000U\000r\000b\000a\000n\000\040\000M\000o\000b\000i\000l\000i\000t\000y\000\040\000W\000o\000r\000k\000s\000\040\000W\000e\000l\000l}{section.7}% 20
\BOOKMARK [2][-]{subsection.7.2}{\376\377\000S\000u\000g\000g\000e\000s\000t\000e\000d\000\040\000P\000u\000b\000l\000i\000c\000\040\000D\000a\000t\000a\000\040\000S\000o\000u\000r\000c\000e\000s}{section.7}% 21
\BOOKMARK [1][-]{section.8}{\376\377\000H\000i\000g\000h\000-\000L\000e\000v\000e\000l\000\040\000S\000y\000s\000t\000e\000m\000\040\000A\000r\000c\000h\000i\000t\000e\000c\000t\000u\000r\000e}{}% 22
\BOOKMARK [1][-]{section.9}{\376\377\000C\000o\000r\000e\000\040\000F\000e\000a\000t\000u\000r\000e\000s}{}% 23
\BOOKMARK [2][-]{subsection.9.1}{\376\377\000F\000e\000a\000t\000u\000r\000e\000\040\0001\000:\000\040\000D\000e\000m\000a\000n\000d\000\040\000F\000o\000r\000e\000c\000a\000s\000t\000i\000n\000g}{section.9}% 24
\BOOKMARK [2][-]{subsection.9.2}{\376\377\000F\000e\000a\000t\000u\000r\000e\000\040\0002\000:\000\040\000D\000i\000s\000t\000r\000i\000b\000u\000t\000i\000o\000n\000\040\000S\000h\000i\000f\000t\000\040\000D\000e\000t\000e\000c\000t\000i\000o\000n}{section.9}% 25
\BOOKMARK [2][-]{subsection.9.3}{\376\377\000F\000e\000a\000t\000u\000r\000e\000\040\0003\000:\000\040\000A\000n\000o\000m\000a\000l\000y\000\040\000D\000e\000t\000e\000c\000t\000i\000o\000n}{section.9}% 26
\BOOKMARK [2][-]{subsection.9.4}{\376\377\000F\000e\000a\000t\000u\000r\000e\000\040\0004\000:\000\040\000H\000i\000d\000d\000e\000n\000\040\000R\000e\000g\000i\000m\000e\000\040\000D\000e\000t\000e\000c\000t\000i\000o\000n}{section.9}% 27
\BOOKMARK [2][-]{subsection.9.5}{\376\377\000F\000e\000a\000t\000u\000r\000e\000\040\0005\000:\000\040\000M\000o\000d\000e\000l\000\040\000R\000e\000l\000i\000a\000b\000i\000l\000i\000t\000y\000\040\000S\000c\000o\000r\000e}{section.9}% 28
\BOOKMARK [2][-]{subsection.9.6}{\376\377\000F\000e\000a\000t\000u\000r\000e\000\040\0006\000:\000\040\000D\000r\000i\000f\000t\000\040\000E\000x\000p\000l\000a\000n\000a\000t\000i\000o\000n\000\040\000P\000a\000n\000e\000l}{section.9}% 29
\BOOKMARK [1][-]{section.10}{\376\377\000D\000e\000e\000p\000\040\000M\000a\000t\000h\000e\000m\000a\000t\000i\000c\000a\000l\000\040\000a\000n\000d\000\040\000S\000t\000a\000t\000i\000s\000t\000i\000c\000a\000l\000\040\000L\000a\000y\000e\000r}{}% 30
\BOOKMARK [2][-]{subsection.10.1}{\376\377\000D\000i\000s\000t\000r\000i\000b\000u\000t\000i\000o\000n\000\040\000S\000h\000i\000f\000t\000\040\000a\000s\000\040\000P\000r\000o\000b\000a\000b\000i\000l\000i\000t\000y\000\040\000M\000e\000a\000s\000u\000r\000e\000\040\000E\000v\000o\000l\000u\000t\000i\000o\000n}{section.10}% 31
\BOOKMARK [2][-]{subsection.10.2}{\376\377\000W\000a\000s\000s\000e\000r\000s\000t\000e\000i\000n\000\040\000D\000i\000s\000t\000a\000n\000c\000e\000\040\000a\000n\000d\000\040\000O\000p\000t\000i\000m\000a\000l\000\040\000T\000r\000a\000n\000s\000p\000o\000r\000t}{section.10}% 32
\BOOKMARK [2][-]{subsection.10.3}{\376\377\000K\000L\000\040\000D\000i\000v\000e\000r\000g\000e\000n\000c\000e\000\040\000a\000n\000d\000\040\000J\000e\000n\000s\000e\000n\000-\000S\000h\000a\000n\000n\000o\000n\000\040\000D\000i\000v\000e\000r\000g\000e\000n\000c\000e}{section.10}% 33
\BOOKMARK [2][-]{subsection.10.4}{\376\377\000M\000a\000x\000i\000m\000u\000m\000\040\000M\000e\000a\000n\000\040\000D\000i\000s\000c\000r\000e\000p\000a\000n\000c\000y}{section.10}% 34
\BOOKMARK [2][-]{subsection.10.5}{\376\377\000S\000e\000q\000u\000e\000n\000t\000i\000a\000l\000\040\000C\000h\000a\000n\000g\000e\000\040\000D\000e\000t\000e\000c\000t\000i\000o\000n}{section.10}% 35
\BOOKMARK [2][-]{subsection.10.6}{\376\377\000H\000i\000d\000d\000e\000n\000\040\000M\000a\000r\000k\000o\000v\000\040\000M\000o\000d\000e\000l\000s}{section.10}% 36
\BOOKMARK [2][-]{subsection.10.7}{\376\377\000B\000a\000y\000e\000s\000i\000a\000n\000\040\000o\000r\000\040\000B\000o\000o\000t\000s\000t\000r\000a\000p\000\040\000U\000n\000c\000e\000r\000t\000a\000i\000n\000t\000y}{section.10}% 37
\BOOKMARK [2][-]{subsection.10.8}{\376\377\000E\000m\000b\000e\000d\000d\000i\000n\000g\000\040\000D\000r\000i\000f\000t}{section.10}% 38
\BOOKMARK [1][-]{section.11}{\376\377\000D\000a\000t\000a\000\040\000P\000i\000p\000e\000l\000i\000n\000e}{}% 39
\BOOKMARK [2][-]{subsection.11.1}{\376\377\000R\000a\000w\000\040\000D\000a\000t\000a}{section.11}% 40
\BOOKMARK [2][-]{subsection.11.2}{\376\377\000E\000T\000L\000\040\000P\000i\000p\000e\000l\000i\000n\000e}{section.11}% 41
\BOOKMARK [2][-]{subsection.11.3}{\376\377\000F\000e\000a\000t\000u\000r\000e\000\040\000E\000n\000g\000i\000n\000e\000e\000r\000i\000n\000g}{section.11}% 42
\BOOKMARK [1][-]{section.12}{\376\377\000M\000o\000d\000e\000l\000i\000n\000g\000\040\000M\000o\000d\000u\000l\000e\000s}{}% 43
\BOOKMARK [2][-]{subsection.12.1}{\376\377\000F\000o\000r\000e\000c\000a\000s\000t\000i\000n\000g\000\040\000M\000o\000d\000u\000l\000e}{section.12}% 44
\BOOKMARK [2][-]{subsection.12.2}{\376\377\000D\000r\000i\000f\000t\000\040\000D\000e\000t\000e\000c\000t\000i\000o\000n\000\040\000M\000o\000d\000u\000l\000e}{section.12}% 45
\BOOKMARK [2][-]{subsection.12.3}{\376\377\000A\000n\000o\000m\000a\000l\000y\000\040\000D\000e\000t\000e\000c\000t\000i\000o\000n\000\040\000M\000o\000d\000u\000l\000e}{section.12}% 46
\BOOKMARK [2][-]{subsection.12.4}{\376\377\000R\000e\000g\000i\000m\000e\000\040\000D\000e\000t\000e\000c\000t\000i\000o\000n\000\040\000M\000o\000d\000u\000l\000e}{section.12}% 47
\BOOKMARK [2][-]{subsection.12.5}{\376\377\000R\000e\000l\000i\000a\000b\000i\000l\000i\000t\000y\000\040\000E\000n\000g\000i\000n\000e}{section.12}% 48
\BOOKMARK [1][-]{section.13}{\376\377\000F\000a\000s\000t\000A\000P\000I\000\040\000B\000a\000c\000k\000e\000n\000d}{}% 49
\BOOKMARK [1][-]{section.14}{\376\377\000I\000n\000t\000e\000r\000a\000c\000t\000i\000v\000e\000\040\000D\000a\000s\000h\000b\000o\000a\000r\000d}{}% 50
\BOOKMARK [2][-]{subsection.14.1}{\376\377\000P\000a\000g\000e\000\040\0001\000:\000\040\000E\000x\000e\000c\000u\000t\000i\000v\000e\000\040\000O\000v\000e\000r\000v\000i\000e\000w}{section.14}% 51
\BOOKMARK [2][-]{subsection.14.2}{\376\377\000P\000a\000g\000e\000\040\0002\000:\000\040\000D\000e\000m\000a\000n\000d\000\040\000F\000o\000r\000e\000c\000a\000s\000t\000i\000n\000g}{section.14}% 52
\BOOKMARK [2][-]{subsection.14.3}{\376\377\000P\000a\000g\000e\000\040\0003\000:\000\040\000D\000i\000s\000t\000r\000i\000b\000u\000t\000i\000o\000n\000\040\000D\000r\000i\000f\000t\000\040\000M\000o\000n\000i\000t\000o\000r}{section.14}% 53
\BOOKMARK [2][-]{subsection.14.4}{\376\377\000P\000a\000g\000e\000\040\0004\000:\000\040\000G\000e\000o\000s\000p\000a\000t\000i\000a\000l\000\040\000D\000r\000i\000f\000t\000\040\000M\000a\000p}{section.14}% 54
\BOOKMARK [2][-]{subsection.14.5}{\376\377\000P\000a\000g\000e\000\040\0005\000:\000\040\000A\000n\000o\000m\000a\000l\000y\000\040\000D\000e\000t\000e\000c\000t\000i\000o\000n}{section.14}% 55
\BOOKMARK [2][-]{subsection.14.6}{\376\377\000P\000a\000g\000e\000\040\0006\000:\000\040\000R\000e\000g\000i\000m\000e\000\040\000D\000e\000t\000e\000c\000t\000i\000o\000n}{section.14}% 56
\BOOKMARK [2][-]{subsection.14.7}{\376\377\000P\000a\000g\000e\000\040\0007\000:\000\040\000L\000a\000t\000e\000n\000t\000\040\000B\000e\000h\000a\000v\000i\000o\000r\000\040\000E\000x\000p\000l\000o\000r\000e\000r}{section.14}% 57
\BOOKMARK [1][-]{section.15}{\376\377\000T\000e\000c\000h\000n\000o\000l\000o\000g\000y\000\040\000S\000t\000a\000c\000k}{}% 58
\BOOKMARK [2][-]{subsection.15.1}{\376\377\000C\000o\000r\000e\000\040\000S\000t\000a\000c\000k}{section.15}% 59
\BOOKMARK [2][-]{subsection.15.2}{\376\377\000R\000e\000c\000o\000m\000m\000e\000n\000d\000e\000d\000\040\000D\000a\000s\000h\000b\000o\000a\000r\000d\000\040\000C\000h\000o\000i\000c\000e}{section.15}% 60
\BOOKMARK [1][-]{section.16}{\376\377\000R\000e\000p\000o\000s\000i\000t\000o\000r\000y\000\040\000S\000t\000r\000u\000c\000t\000u\000r\000e}{}% 61
\BOOKMARK [1][-]{section.17}{\376\377\000I\000m\000p\000l\000e\000m\000e\000n\000t\000a\000t\000i\000o\000n\000\040\000R\000o\000a\000d\000m\000a\000p}{}% 62
\BOOKMARK [2][-]{subsection.17.1}{\376\377\000P\000h\000a\000s\000e\000\040\0000\000:\000\040\000P\000r\000o\000j\000e\000c\000t\000\040\000S\000e\000t\000u\000p}{section.17}% 63
\BOOKMARK [2][-]{subsection.17.2}{\376\377\000P\000h\000a\000s\000e\000\040\0001\000:\000\040\000D\000a\000t\000a\000\040\000I\000n\000g\000e\000s\000t\000i\000o\000n\000\040\000a\000n\000d\000\040\000C\000l\000e\000a\000n\000i\000n\000g}{section.17}% 64
\BOOKMARK [2][-]{subsection.17.3}{\376\377\000P\000h\000a\000s\000e\000\040\0002\000:\000\040\000E\000x\000p\000l\000o\000r\000a\000t\000o\000r\000y\000\040\000D\000a\000t\000a\000\040\000A\000n\000a\000l\000y\000s\000i\000s}{section.17}% 65
\BOOKMARK [2][-]{subsection.17.4}{\376\377\000P\000h\000a\000s\000e\000\040\0003\000:\000\040\000F\000o\000r\000e\000c\000a\000s\000t\000i\000n\000g\000\040\000M\000o\000d\000e\000l}{section.17}% 66
\BOOKMARK [2][-]{subsection.17.5}{\376\377\000P\000h\000a\000s\000e\000\040\0004\000:\000\040\000D\000r\000i\000f\000t\000\040\000D\000e\000t\000e\000c\000t\000i\000o\000n}{section.17}% 67
\BOOKMARK [2][-]{subsection.17.6}{\376\377\000P\000h\000a\000s\000e\000\040\0005\000:\000\040\000A\000n\000o\000m\000a\000l\000y\000\040\000D\000e\000t\000e\000c\000t\000i\000o\000n}{section.17}% 68
\BOOKMARK [2][-]{subsection.17.7}{\376\377\000P\000h\000a\000s\000e\000\040\0006\000:\000\040\000R\000e\000l\000i\000a\000b\000i\000l\000i\000t\000y\000\040\000E\000n\000g\000i\000n\000e}{section.17}% 69
\BOOKMARK [2][-]{subsection.17.8}{\376\377\000P\000h\000a\000s\000e\000\040\0007\000:\000\040\000F\000a\000s\000t\000A\000P\000I\000\040\000B\000a\000c\000k\000e\000n\000d}{section.17}% 70
\BOOKMARK [2][-]{subsection.17.9}{\376\377\000P\000h\000a\000s\000e\000\040\0008\000:\000\040\000D\000a\000s\000h\000b\000o\000a\000r\000d\000\040\000M\000V\000P}{section.17}% 71
\BOOKMARK [2][-]{subsection.17.10}{\376\377\000P\000h\000a\000s\000e\000\040\0009\000:\000\040\000A\000d\000v\000a\000n\000c\000e\000d\000\040\000M\000o\000d\000e\000l\000i\000n\000g}{section.17}% 72
\BOOKMARK [2][-]{subsection.17.11}{\376\377\000P\000h\000a\000s\000e\000\040\0001\0000\000:\000\040\000D\000e\000p\000l\000o\000y\000m\000e\000n\000t\000\040\000a\000n\000d\000\040\000P\000o\000l\000i\000s\000h}{section.17}% 73
\BOOKMARK [1][-]{section.18}{\376\377\000M\000i\000n\000i\000m\000u\000m\000\040\000V\000i\000a\000b\000l\000e\000\040\000P\000r\000o\000d\000u\000c\000t}{}% 74
\BOOKMARK [1][-]{section.19}{\376\377\000A\000d\000v\000a\000n\000c\000e\000d\000\040\000E\000x\000t\000e\000n\000s\000i\000o\000n\000s}{}% 75
\BOOKMARK [1][-]{section.20}{\376\377\000E\000v\000a\000l\000u\000a\000t\000i\000o\000n\000\040\000P\000l\000a\000n}{}% 76
\BOOKMARK [2][-]{subsection.20.1}{\376\377\000F\000o\000r\000e\000c\000a\000s\000t\000i\000n\000g\000\040\000E\000v\000a\000l\000u\000a\000t\000i\000o\000n}{section.20}% 77
\BOOKMARK [2][-]{subsection.20.2}{\376\377\000D\000r\000i\000f\000t\000\040\000D\000e\000t\000e\000c\000t\000i\000o\000n\000\040\000E\000v\000a\000l\000u\000a\000t\000i\000o\000n}{section.20}% 78
\BOOKMARK [2][-]{subsection.20.3}{\376\377\000A\000n\000o\000m\000a\000l\000y\000\040\000D\000e\000t\000e\000c\000t\000i\000o\000n\000\040\000E\000v\000a\000l\000u\000a\000t\000i\000o\000n}{section.20}% 79
\BOOKMARK [1][-]{section.21}{\376\377\000D\000a\000s\000h\000b\000o\000a\000r\000d\000\040\000D\000e\000s\000i\000g\000n\000\040\000P\000r\000i\000n\000c\000i\000p\000l\000e\000s}{}% 80
\BOOKMARK [2][-]{subsection.21.1}{\376\377\000P\000r\000i\000n\000c\000i\000p\000l\000e\000s}{section.21}% 81
\BOOKMARK [2][-]{subsection.21.2}{\376\377\000E\000x\000a\000m\000p\000l\000e\000\040\000A\000l\000e\000r\000t\000\040\000C\000o\000p\000y}{section.21}% 82
\BOOKMARK [1][-]{section.22}{\376\377\000B\000u\000s\000i\000n\000e\000s\000s\000\040\000a\000n\000d\000\040\000S\000o\000c\000i\000a\000l\000\040\000I\000m\000p\000a\000c\000t}{}% 83
\BOOKMARK [2][-]{subsection.22.1}{\376\377\000B\000u\000s\000i\000n\000e\000s\000s\000\040\000I\000m\000p\000a\000c\000t}{section.22}% 84
\BOOKMARK [2][-]{subsection.22.2}{\376\377\000S\000o\000c\000i\000a\000l\000\040\000I\000m\000p\000a\000c\000t}{section.22}% 85
\BOOKMARK [1][-]{section.23}{\376\377\000H\000o\000w\000\040\000t\000o\000\040\000P\000r\000e\000s\000e\000n\000t\000\040\000T\000h\000i\000s\000\040\000o\000n\000\040\000G\000i\000t\000H\000u\000b}{}% 86
\BOOKMARK [2][-]{subsection.23.1}{\376\377\000R\000E\000A\000D\000M\000E\000\040\000S\000t\000r\000u\000c\000t\000u\000r\000e}{section.23}% 87
\BOOKMARK [2][-]{subsection.23.2}{\376\377\000R\000E\000A\000D\000M\000E\000\040\000O\000p\000e\000n\000i\000n\000g\000\040\000D\000r\000a\000f\000t}{section.23}% 88
\BOOKMARK [1][-]{section.24}{\376\377\000R\000e\000s\000u\000m\000e\000\040\000P\000o\000s\000i\000t\000i\000o\000n\000i\000n\000g}{}% 89
\BOOKMARK [2][-]{subsection.24.1}{\376\377\000G\000e\000n\000e\000r\000a\000l\000\040\000R\000e\000s\000u\000m\000e\000\040\000B\000u\000l\000l\000e\000t}{section.24}% 90
\BOOKMARK [2][-]{subsection.24.2}{\376\377\000T\000e\000c\000h\000n\000i\000c\000a\000l\000\040\000R\000e\000s\000u\000m\000e\000\040\000B\000u\000l\000l\000e\000t\000s}{section.24}% 91
\BOOKMARK [1][-]{section.25}{\376\377\000W\000h\000y\000\040\000T\000h\000i\000s\000\040\000P\000r\000o\000j\000e\000c\000t\000\040\000I\000s\000\040\000S\000t\000r\000a\000t\000e\000g\000i\000c\000a\000l\000l\000y\000\040\000S\000t\000r\000o\000n\000g}{}% 92
\BOOKMARK [1][-]{section.26}{\376\377\000P\000o\000t\000e\000n\000t\000i\000a\000l\000\040\000R\000i\000s\000k\000s\000\040\000a\000n\000d\000\040\000M\000i\000t\000i\000g\000a\000t\000i\000o\000n\000s}{}% 93
\BOOKMARK [1][-]{section.27}{\376\377\000F\000i\000n\000a\000l\000\040\000R\000e\000c\000o\000m\000m\000e\000n\000d\000e\000d\000\040\000B\000u\000i\000l\000d\000\040\000O\000r\000d\000e\000r}{}% 94
\BOOKMARK [1][-]{section.28}{\376\377\000C\000o\000n\000c\000l\000u\000s\000i\000o\000n}{}% 95
